{
  "stats": {
    "suites": 1,
    "tests": 3,
    "passes": 3,
    "pending": 0,
    "failures": 0,
    "start": "2022-09-28T00:32:31.740Z",
    "end": "2022-09-28T00:32:37.216Z",
    "duration": 5476,
    "testsRegistered": 3,
    "passPercent": 100,
    "pendingPercent": 0,
    "other": 0,
    "hasOther": false,
    "skipped": 0,
    "hasSkipped": false
  },
  "results": [
    {
      "uuid": "d782e508-fdb6-43bc-a49d-8a03c7db47dc",
      "title": "",
      "fullFile": "cypress/integration/pageTests/LoginPageTest.js",
      "file": "cypress/integration/pageTests/LoginPageTest.js",
      "beforeHooks": [],
      "afterHooks": [],
      "tests": [],
      "suites": [
        {
          "uuid": "b5a65668-f250-4eb1-894f-f4c1fed18b79",
          "title": "LoginPage Features",
          "fullFile": "",
          "file": "",
          "beforeHooks": [],
          "afterHooks": [],
          "tests": [
            {
              "title": "Login With Correct Credentials Test",
              "fullTitle": "LoginPage Features Login With Correct Credentials Test",
              "timedOut": null,
              "duration": 1937,
              "state": "passed",
              "speed": "fast",
              "pass": true,
              "fail": false,
              "pending": false,
              "context": null,
              "code": "loginPage = new _LoginPage.default();\nmainPage = new _MainPage.default();\nconst titlePage = koelData.loginPage.pageTitle;\nconst email = koelData.loginPage.email;\nconst password = koelData.loginPage.password;\nconst textmainPageValidation = koelData.mainPage.validateMainPage;\nloginPage.validateTitlePage(titlePage);\nloginPage.login(email, password);\nmainPage.validateMainPage(textmainPageValidation);\ncy.tearDown();",
              "err": {},
              "uuid": "7a41a3ac-0b5e-4055-a522-ae5d91fe444e",
              "parentUUID": "b5a65668-f250-4eb1-894f-f4c1fed18b79",
              "isHook": false,
              "skipped": false
            },
            {
              "title": "Login With Incorrect Credentials Test",
              "fullTitle": "LoginPage Features Login With Incorrect Credentials Test",
              "timedOut": null,
              "duration": 901,
              "state": "passed",
              "speed": "fast",
              "pass": true,
              "fail": false,
              "pending": false,
              "context": null,
              "code": "loginPage = new _LoginPage.default();\nmainPage = new _MainPage.default();\nconst titlePage = koelData.loginPage.pageTitle;\nconst email = koelData.loginPage.wrongEmail;\nconst password = koelData.loginPage.wrongPassword;\nloginPage.validateTitlePage(titlePage);\nloginPage.login(email, password);\nloginPage.errorFrame();",
              "err": {},
              "uuid": "1dd97467-c96d-4bf7-b097-37823c2edf4c",
              "parentUUID": "b5a65668-f250-4eb1-894f-f4c1fed18b79",
              "isHook": false,
              "skipped": false
            },
            {
              "title": "Register A New Student Test",
              "fullTitle": "LoginPage Features Register A New Student Test",
              "timedOut": null,
              "duration": 569,
              "state": "passed",
              "speed": "fast",
              "pass": true,
              "fail": false,
              "pending": false,
              "context": null,
              "code": "loginPage = new _LoginPage.default();\nconst titlePage = koelData.loginPage.pageTitle;\nconst msg = koelData.loginPage.message;\nconst email = _faker.faker.internet.email();\nloginPage.validateTitlePage(titlePage);\nloginPage.register(email);\nloginPage.validateRegister(msg);",
              "err": {},
              "uuid": "1ed13051-b595-400c-848b-3f566af6bbe5",
              "parentUUID": "b5a65668-f250-4eb1-894f-f4c1fed18b79",
              "isHook": false,
              "skipped": false
            }
          ],
          "suites": [],
          "passes": [
            "7a41a3ac-0b5e-4055-a522-ae5d91fe444e",
            "1dd97467-c96d-4bf7-b097-37823c2edf4c",
            "1ed13051-b595-400c-848b-3f566af6bbe5"
          ],
          "failures": [],
          "pending": [],
          "skipped": [],
          "duration": 3407,
          "root": false,
          "rootEmpty": false,
          "_timeout": 2000
        }
      ],
      "passes": [],
      "failures": [],
      "pending": [],
      "skipped": [],
      "duration": 0,
      "root": true,
      "rootEmpty": true,
      "_timeout": 2000
    }
  ],
  "meta": {
    "mocha": {
      "version": "7.0.1"
    },
    "mochawesome": {
      "options": {
        "quiet": false,
        "reportFilename": "mochawesome",
        "saveHtml": true,
        "saveJson": true,
        "consoleReporter": "spec",
        "useInlineDiffs": false,
        "code": true
      },
      "version": "7.1.3"
    },
    "marge": {
      "options": null,
      "version": "6.2.0"
    }
  }
}